[01:55:42] [main/WARN]: Ambiguity between arguments [teleport, destination] and [teleport, targets] with inputs: [Player, 0123, @e, dd12be42-52a9-4a91-a8a1-11c01849e498]
[01:55:42] [main/WARN]: Ambiguity between arguments [teleport, location] and [teleport, destination] with inputs: [0.1 -0.5 .9, 0 0 0]
[01:55:42] [main/WARN]: Ambiguity between arguments [teleport, location] and [teleport, targets] with inputs: [0.1 -0.5 .9, 0 0 0]
[01:55:42] [main/WARN]: Ambiguity between arguments [teleport, targets] and [teleport, destination] with inputs: [Player, 0123, dd12be42-52a9-4a91-a8a1-11c01849e498]
[01:55:42] [main/WARN]: Ambiguity between arguments [teleport, targets, location] and [teleport, targets, destination] with inputs: [0.1 -0.5 .9, 0 0 0]
[01:55:42] [main/INFO]: Reloading ResourceManager: Default
[01:55:43] [Worker-Main-10/INFO]: Loaded 7 recipes
[01:55:43] [Worker-Main-10/INFO]: Loaded 927 advancements
[01:55:44] [Server thread/INFO]: Starting minecraft server version 1.16.1
[01:55:45] [Server thread/INFO]: Loading properties
[01:55:45] [Server thread/INFO]: Default game type: SURVIVAL
[01:55:45] [Server thread/INFO]: Generating keypair
[01:55:45] [Server thread/INFO]: Starting Minecraft server on localhost:25565
[01:55:45] [Server thread/INFO]: Using default channel type
[01:55:45] [Server thread/WARN]: **** SERVER IS RUNNING IN OFFLINE/INSECURE MODE!
[01:55:45] [Server thread/WARN]: The server will make no attempt to authenticate usernames. Beware.
[01:55:45] [Server thread/WARN]: While this makes the game possible to play without internet access, it also opens up the ability for hackers to connect with any username they choose.
[01:55:45] [Server thread/WARN]: To change this, set "online-mode" to "true" in the server.properties file.
[01:55:45] [Server thread/INFO]: Preparing level "world"
[01:55:46] [Server thread/INFO]: Preparing start region for dimension minecraft:overworld
[01:55:48] [Server thread/INFO]: Preparing spawn area: 0%
[01:55:48] [Server thread/INFO]: Preparing spawn area: 0%
[01:55:48] [Server thread/INFO]: Preparing spawn area: 0%
[01:55:48] [Worker-Main-8/INFO]: Preparing spawn area: 0%
[01:55:49] [Server thread/INFO]: Time elapsed: 2486 ms
[01:55:49] [Server thread/INFO]: Done (3.284s)! For help, type "help"
[01:57:06] [Server thread/INFO]: Infinitemarcus[/127.0.0.1:52453] logged in with entity id 90 at (-181.3284338754764, 63.0, -78.70928038442432)
[01:57:06] [Server thread/INFO]: Infinitemarcus joined the game
[01:57:17] [Server thread/INFO]: Infinitemarcus lost connection: Disconnected
[01:57:17] [Server thread/INFO]: Infinitemarcus left the game
